<?xml version="1.0" encoding="utf-8"?><testsuites><testsuite name="pytest" errors="0" failures="0" skipped="0" tests="1" time="0.172" timestamp="2024-11-28T11:09:14.280035" hostname="ORTUSDELL05"><testcase classname="my_package.test.test_add" name="test_add" time="0.003" /></testsuite></testsuites>